#include <ansi.h>
inherit ROOM;

void create()
{
	set("short", "нч");
	set("long", @LONG
l paizi
LONG);
	set("no_fight", 1);
	set("no_steal", 1);
	set("no_beg",1);
        set("item_desc", ([
                "paizi" : HIY"\n  \n"
"                                                                             _,                    \n"
"    ____________________  .______________________     )@L                   ____z@@L____ .@L           \n"
"         ~~~@@@~~~"        ~~~~~~~~@@@@~~~~~~~~~"    _@@@~-@@@~-@@@~@@@@~' `~~@C~~~~]@~~']@@@@@@@@'    \n"
"            ]@[                    `@@L            .d@@@'  ]@'  @@  `@@'      ]@L .z@[   a@@" ]@@"     \n"
"           _d@@_                    ]@@@_           ".@@_ .a@_ .a@, .@@_    za@@@@@@-@bz]@@[  ]@P      \n"
"  )zzzzzz@@@@@@@@@bzzzzzz           ]@@@@@L,      )~-@@@@@@@@@@@@@@M@@@@@-  @@=__@@___@@a@@L  ]@'      \n"
"         "~@@@@@@~"                 ]@@~~~~@z_       `@@" `@@" `@@" `@@"    @[~~]@@~~~]@~']@_.a[       \n"
"           a@@@@[                   ]@P     ~-@       a@,  a@   a@  .@L     @[]@@@-@@[]@  `@@@@'       \n"
"          _@@@@@@_                  ]@             _za@@@zd@@@ud@@@ua@@@z_  @[]@"  "@[]@   ]@@@        \n"
"        _a@~~  "~-@_                ]@             `~~@[~~]@~~~~@C~~~@C~~   @[]@L,._@[]@  .@@@@L       \n"
"     _z@~~        ~-@z_             ]@              .d@'  `@L   ~@L  `]@_   @[`~~~~~~']@ _a@~~~@L      \n"
"  _z@~~'            `~-@z           ]@             _@~'    @[    ]@,   `@L  @[    )@z_d@d@"     ~a,    \n"
"  `~                   `"           `~             "'      ~"     ~'    `"  "       `~~                \n"
"    zzzzzzzzzLzzzzzzzzzze  .______________________  ]@@@@@@@@@@@@@@@@@@@_   ____zzzzz@@_ @@@@[         \n"
"    @@@@@@@@@@]@@@@@@@@@[  ]@@H@@@@@@@@@@@@@@@@@@@  ]@@@@@@@@@@@@@@@@@@@@   ]@@@@@@@@@@@d@@@@M@d@@[    \n"
"    ~~~~~~~-@@M@@~~~~~~~'  ]@@@@@@@@@@@@@-@@@@@@@@  `~~~~~~@@@@[~~~~~"~~~   `~~~@@@@[~~"@@@@@@@@@@[    \n"
"   ________]@@U-@________,          @@@@@_z,       )zzzzzzz@@@@@zzzzzzzzzz  @@@@@@@@@@@@@L@@@]@@@@'    \n"
"   ]@@@@@@@@@@=@@@@@@@@@@[          @@@@@@@@bL,    ]@@@@@@@@@@@@@@@@@@@@@@  @@@@@@@@@@@K@@@@@d@@@[     \n"
"   `~~~~~~-@@@@a@@@~~~~~~'         @@@@@@@@@@@@z,  `~~~~~~@@@C@@-@@@@~~~~~  ____@@@@L==]@@@@@@@@@'     \n"
"         .a@@rW@@@@,               @@@@=@"~@@@@@~        ]Ca@@@P]@@@@       ]@@@@@@@@@@@[~-@@@@@@      \n"
"       ._@@@@]@@@@@@z_             @@@@@   `~@@"        .d@@@@@']@@@@ @z__  ]@@@@~~~]@@@[ ]@@@@@L      \n"
"   __z@@@@@@@'~~@@@@@@@zL_         @@@@@             ._d@@@@@r' ]@@@@]@@@@  ]@@@@,zza@@@Lz@@@@@@@@_    \n"
"   `@@@@@@@~'    ~-@@@@@@'         @@@@@           `\@@@@@@@"   ]@@@@@@@@@  ]@@@@@@@@@@@@@@@@~@@@@"    \n"
"    "@~~~"         "~~-@'          @@@@@              ~-@~"     `~~~~~~~~   `~~~~~~~~~~~'~@~' "~~      \n"
"  \n"
"                   ._                        ._                     .__            ._   )z_,           \n"
"     -r-----zz-----~~-,    ---------zzr------~~-,    ~~~~~~~-@@~~~~~~~~'     ___zz@@~'  a@~            \n"
"            a@                      ]@[                     ]@@            `~~~~]@     ]@r    ._       \n"
"            @@       .,             ]@[                     ]@[       _    .____a@___z_@@~~~~@@~-      \n"
"   _________@@______z@@z            ]@@azL__       .________]@L______d@@L   ~~~~]@~~~~@M@   ]@[        \n"
"           ]@P]b                    ]@[ ~~@@@,              a@~@[            _  ]@ ._d~ @L  d@'        \n"
"          .@@'`@L                   ]@[    ~~'             ]@@]@[           `@@~~~~]@'  q@ )@@         \n"
"         .a@"  `@L                  ]@[                   .@@']@[            @@    ]@   `@La@'         \n"
"        _@@'    `-@L,               ]@[                  ]@@" ]@[     ]@     @@    ]@    ]@@L          \n"
"     ._a~"        ~@@bL__           ]@[                _d@~   ]@[     ]@L    @@~~~~]@ __@~~~@@L_       \n"
"   _z~~'            ~~@~"           ]@'            ._z~~"     `~~~~~~~~~~'   ~~   .=z=~~     ~-@~'     \n"
"                                                   ~"                             `"                   \n"
"                                                                                                       \n"
"     .______________,                                 .___    .__,                __, d@z              \n"
"     =~~~~~-@@@~~~~~'    ]@@@@@@@@@@@@@@@@@@@@@@      ]@@~-@@~~~~~~'       )zzzz@@@@- ]@@              \n"
"     _zz___d@@L______    `~~~"    `@@@_  ~~~~~~'     _____]@@________       `~~]@@    a@@@@@@@r        \n"
"    `~~~~~~@@@~~~~~~~              @@@@@z_          ]@@~~~@@@@@@~~~~~     a@@@~-@@~~~@@@,a@[           \n"
"         .a@@-@b_                  @@@~~-@@_             .@@']@[          " zzzd@@zza~~]@@@,           \n"
"      __z@@@' "-@@bL_             .@@@   `~~           ._@@r ]@@L_    ._e   @@C~~~]@[ _d@M@@b_         \n"
" `@@@@@@@~"     "-@@@@zL,         ]@@@            zzza@@@@~   ~-@@@@@@@@'   ]@@@za@@M@@~" ~@@@@@@      \n"
"   "~~~"          "~~~~"          `~~~             ~~~~~"       "~~~~~~"     ~"   ~~       `~~~"       \n"
"                                                                                                       \n"
"                                                                                                          \n"
"                                                                                       __                 \n"
"         ____zzze                         ___              ___zz_                _zz,  ]@@                \n"
"      ~~~~@@[~~             ______zzz@@~~~~~~-,        -~~@@~~~~            .__za~~~' .@@"                \n"
"         )@@              "~~~~~~~"@@                     @@   __,          "~"]@[   .a@"__zzz            \n"
"        .]@@_zz@@@,                @@                 .__]@@@@~~~~'           _a@zz@-a@~-@~~~'            \n"
"    ~~~~~@@C~~"                    @@-zzz_          ~~~~~@@M@z           ~~~~~~@@" .aC_ d@[               \n"
"        ]@@-@_                     @@ "~~@'             ]@r]@r                 @L__='"-z@@'               \n"
"      .d@~  ~@@_                   @@                  _@r ]@[       d[    `@@~~~]@r  .@@L,               \n"
"    ._a@"    `]@@L_                @@                _d@~  `@L      )@[     ]@L__a@ _z@~~@@z_             \n"
" ._z~~"        `-@@@@z__          ]@@             _z@~"     ~@@zzzzd@@@     `@[~~~-~~~    ~@@@bz_         \n"
" `'              ~~~~~"           `@@            `~"          ~~~~~~~'       "              "~~"         \n" 
"                                   `"                                                                \n"     
"                                                                                                 \n"
"                                                       ._                                                 \n"
"    e@~~~~~~~~~~~~~~~~~@,  a@~~~~~~~~~~~~~~~~~~~@b    _@~~~az____________   ___]@[~~@L__]@~~~@[           \n"
"    ]@                 @[  @[                   @[  .d@'   "~~~~~~~~~~~~@[  @[~~~'  ~~~]@P  )@@zzze       \n"
"    ]@______    _______@[  @L_______   .________@[ )@~  .___  ._  ._  __@[  @@z  )zz  _]@'       @[       \n"
"   _=======@   ]@C======L_ "~~~~~~]@   ]@~@C=~~~~  `@@b_a~]@  ]@  ]@  ]@@b, @@~  `~~  -@'  .__  _@[       \n"
"   @[~~~~~~~    ~~~~~~~~]@        ]@  z@'  ~-@L,    @["~"               ]@[ @[._@@~-@LaC   `@P  @['       \n"
"   @[                   ]@        ]@ `~@z_   `~-b,  @bzz  ._  ._  )z  ezd@' @[]@~"  ~@[~@z  ~  ]@'        \n"
"   ~~~~~-@@'    `@@@~~~~~~        ]@   ]@-b_  _a~' )a@~~  `~  `~  `~  `~-@, @[]@@- )~@[ @@L    d@         \n"
"     ._z@~'  .__  ~-b__           ]@   ]@ "~@d@"   ]@[d@zuzzzzzzzzzz_z@L]@[ @[]@[.__ @[ @@@   )@[         \n"
"   za~~"    ]a@L     ~~-bL        ]@   ]@    "     `-@@'`~@~  @L  ]@~ `-@~' @[]@[`~~ @[ @@"    ~-@_       \n"
"   ]@,   __a~"~~-z_,   _@'        ]@   ]@          .a[  .a@   q@   @@, `-@, @[`@bzzzz@[ @[ .zL ._@~       \n"
"    ]@_z@~~'     "~~@z]@"         ]@___]@           ~~-zaM@zzzd@b~~~-@a~~~  @L__]@]@zzzz@-b@~~@@~'        \n"
"     ~~'             ~~'          `~~~~~"              `~                    ~~~~'                        \n"
"     .___________________   ]z@~~~~~~~~~~~~~~~~~-bL   .zzzzzzzzzzzzzzzzzL    .______zzzz,z@~~-@,                          \n"
"    a@~~~~~~~~~~~~~~~~~@L  @[                   ]@   ]@'              ]@[  )@~~~~~"   @@@'  .@L___                       \n"
"     @L                 a@  @@_         ____    .d@   q@,              ]@'  ]@_     .__a@r    ~~~~@[                      \n"
"     O@@zzzzz    ezzzzza@L  `~~~~~~@@ ]a~~~-@@~~~~"  .]@@@@@@[   ]@@@@@@@z_ ]@@~~   `~-@C        .@P                      \n"
"    ]@"                 `@b        ]@ @C    "~@z_    a[                  ]@ ]@         ]@   @@   ]@                       \n" 
"    ]@,                 .@P        ]@ `-b_     ~@z   @L,                 d@ `@z__   ___a@   q@   a@                       \n"
"    `~~~~~@@,     `@@~~~~~'        ]@   ~@@L,   ]@   "~~~~-@@ ]@[  ]@@@@@@L )@~~"   "~~@@L  `"  ]@'                      \n" 
"       __a~"   __  "~@L_           ]@    @[~-z_d@"     __z~~  ]@[  ]@@'  ]@[]@   ___,  ]@@L    .ar                   \n"     
"    .d@~~     _@[     ~~-b_        ]@    @[   ~'     z@~~     ]@[  `~"   ]@']@   ]@@[  ]@%~    `-@L              \n"         
"    a@     ._a~~-b_      @@        ]@    @[         ]@,     _z@@L       .a@ ]@        d@~   ._   "@b         \n"             
"    `@z__zd~~"   "~-@z__d@"        `@b__d@'         `-@___z@~~ -@z_____za~' `-@zzzzzzza@L__z@~@__d@"     \n"                 
"     `~~~~           ~~~~            "~~"             ~~~~'      ~~~~~~"               `~~~"  `~~"   \n"
"                                                                                        ___                    \n"
"   __zzzzzzzzzzzzzzzzz_   z@~~~~~~~~~~~~~~~~~~-@L   ]z@~~~~~~~~~~~~~-@z    _____zzd~@z_a~~~-@                  \n"
"  )@r'               ~@b ]@[                   ]@   @[               ]@   d@~~~"    `@@@   ]@zzz_              \n"
"  `@L                .@P `@@_______  ._________@r   @L_             .d@   q@_     __z@@'       ]@[             \n"
"  .a@~~~~~-    ~~~~~~-@_  `~~~~~~@[ z@~~~-@C~~~~   _d@~~~~~'   `~~~~~~@z_ ]@~~~   ~~~@[   __   ]@'             \n"
"  a[                  ]@,        @[`@[    "~@z_   )@[                  ]@ @[         ]@  `@@   a[              \n"
"  @L,                 ]@'        @[ ~-b_     ~@z  `@L_                _a@ ~@zze   zzz@~   @[  )@P              \n"
"  `~~~~-@@      `@@~~~~~         @[   ]@@L,  .a[   "~~~~@@~ ]@   ]@@@~@@L d@~'     "~@@b  `'  d@               \n"
"    __z@~    __  "~aL_           @[   ]@[~~bz@~     ._z@~"  ]@   ]@r   ]@ ]@   zzz   @@@_    ]@'               \n"
"  _@~~'    .a@=     ~~-@_        @[   ]@[         .a~~'     d@   `~    d@ ]@   @@@  .@@~"    "-@L              \n"
" )@[     _z@~~-b_,    )@P        @[   ]@[         ]@     ._a-@,       ]@P ]@        a['   __   ]@[             \n"
"  ~@z__z@~"    "~~@zLz@~         ~@bzz@~'         `-@L_z@~~"`~@zzzzzzd@~  `~@zzzzzzz@@L__%~~@__@~              \n"
"    ~~~            `~~                              `~~                               ~~"   `~~'               \n"
"                                                                                                               \n"
")@~~~~~~~~~~@@~~~-@_a@~~~@@@~~~-@@~~~@@~~~~@[ ]@~~~~~~-bzz_                                                    \n"
"]@          ]@L   ~@@   ]@]@   ]@[   ]@    @[ ]@         ~~@z,                                                 \n"
"]@___,   ___a@@L   ~'  ]@"]@   ]@[   ]@    @[ ]@   .___    `]@,                                                \n"
"`~~]@[   @[~~~`@L     d@' ]@   ]@[   ]@    @[ ]@   ]@~~-@_   @L                                                \n"
"'   ]@[   @[    _@'   `@L  ]@   ]@[   ]@    @[ ]@   ]@  .@[   ]@                                                \n"
"  ]@[   @[   ]@'     `@L ]@   `@[   ]@    @[ ]@   ]@zz@~'  .@r                                                \n"
"  ]@[   @[  ]@'  .z   `@L]@,   ~'   `"   .@P ]@   ]@      .a@'                                                \n"
"   ]@[   @[ _@"  .aM@,  `@L]@_    _aL    _d@' ]@   ]@   ._z@~                                                  \n"
"   `~~~~~~'`~~~~~~~`~~~~~~~,~~~~~~~~~~~~~~~   `~~~~~~~~~~~"                                                   \n",NOR
        ]));

	setup();
	//replace_program(ROOM);
}
